<?xml version="1.0" encoding="UTF-8"?>
<!-- Generated by org.testng.reporters.JUnitXMLReporter -->
<testsuite hostname="DESKTOP-A9DN365" ignored="0" name="Test-class test 2" tests="1" failures="0" timestamp="16 Sep 2021 03:46:25 GMT" time="0.079" errors="0">
  <testcase name="testMethodOne" time="0.013" classname="com.testNGconcepts.TestNgParallelTestsuite"/>
</testsuite> <!-- Test-class test 2 -->
