<?xml version="1.0" encoding="UTF-8"?>
<!-- Generated by org.testng.reporters.JUnitReportReporter -->
<testsuite skipped="1" hostname="DESKTOP-A9DN365" name="com.testNg.TestNg1" tests="3" failures="0" timestamp="07 Aug 2021 05:06:26 GMT" time="0.012" errors="0">
  <testcase name="testCase2" time="0.009" classname="com.testNg.TestNg1"/>
  <testcase name="testCase3" time="0.003" classname="com.testNg.TestNg1"/>
  <testcase name="testCase1" classname="com.testNg.TestNg1">
    <skipped/>
  </testcase> <!-- testCase1 -->
</testsuite> <!-- com.testNg.TestNg1 -->
