<?xml version="1.0" encoding="UTF-8"?>
<!-- Generated by org.testng.reporters.JUnitReportReporter -->
<testsuite skipped="0" hostname="DESKTOP-A9DN365" name="com.testNg.TestNg2" tests="1" failures="0" timestamp="07 Aug 2021 05:04:21 GMT" time="0.007" errors="0">
  <testcase name="abc" time="0.007" classname="com.testNg.TestNg2"/>
</testsuite> <!-- com.testNg.TestNg2 -->
