<?xml version="1.0" encoding="UTF-8"?>
<!-- Generated by org.testng.reporters.JUnitReportReporter -->
<testsuite skipped="0" hostname="DESKTOP-A9DN365" name="com.testNg.TestNg5" tests="1" failures="0" timestamp="28 Aug 2021 04:11:03 GMT" time="1.315" errors="0">
  <testcase name="MouseOperationRightClick" time="1.315" classname="com.testNg.TestNg5"/>
</testsuite> <!-- com.testNg.TestNg5 -->
