<?xml version="1.0" encoding="UTF-8"?>
<!-- Generated by org.testng.reporters.JUnitReportReporter -->
<testsuite skipped="0" hostname="DESKTOP-A9DN365" name="com.testNg.TestNg5" tests="1" failures="0" timestamp="09 Sep 2021 04:33:57 GMT" time="88.085" errors="0">
  <testcase name="ValidateDataDriven" time="88.085" classname="com.testNg.TestNg5"/>
</testsuite> <!-- com.testNg.TestNg5 -->
