<?xml version="1.0" encoding="UTF-8"?>
<!-- Generated by org.testng.reporters.JUnitReportReporter -->
<testsuite skipped="0" hostname="DESKTOP-A9DN365" name="com.testNg.TestNg4" tests="1" failures="0" timestamp="25 Aug 2021 03:39:34 GMT" time="5.794" errors="0">
  <testcase name="HandlingFrames" time="5.794" classname="com.testNg.TestNg4"/>
</testsuite> <!-- com.testNg.TestNg4 -->
