<?xml version="1.0" encoding="UTF-8"?>
<!-- Generated by org.testng.reporters.JUnitReportReporter -->
<testsuite skipped="0" hostname="DESKTOP-A9DN365" name="com.testNg.TestNg5" tests="1" failures="0" timestamp="26 Aug 2021 03:56:00 GMT" time="26.649" errors="0">
  <testcase name="HandlingWindows" time="26.649" classname="com.testNg.TestNg5"/>
</testsuite> <!-- com.testNg.TestNg5 -->
