<?xml version="1.0" encoding="UTF-8"?>
<!-- Generated by org.testng.reporters.JUnitReportReporter -->
<testsuite skipped="0" hostname="DESKTOP-A9DN365" name="com.testNGconcepts.TestNgParallelClass1" tests="2" failures="0" timestamp="16 Sep 2021 03:39:58 GMT" time="0.016" errors="0">
  <testcase name="testMethodOne" time="0.011" classname="com.testNGconcepts.TestNgParallelClass1"/>
  <testcase name="testMethodTwo" time="0.005" classname="com.testNGconcepts.TestNgParallelClass1"/>
</testsuite> <!-- com.testNGconcepts.TestNgParallelClass1 -->
