<?xml version="1.0" encoding="UTF-8"?>
<!-- Generated by org.testng.reporters.JUnitReportReporter -->
<testsuite skipped="1" hostname="DESKTOP-A9DN365" name="com.testNg.TestNg1" tests="7" failures="0" timestamp="15 Sep 2021 04:00:38 GMT" time="0.167" errors="0">
  <testcase name="testCase2" time="0.039" classname="com.testNg.TestNg1"/>
  <testcase name="testCase3" time="0.033" classname="com.testNg.TestNg1"/>
  <testcase name="testCase3" time="0.015" classname="com.testNg.TestNg1"/>
  <testcase name="testCase3" time="0.028" classname="com.testNg.TestNg1"/>
  <testcase name="testCase3" time="0.035" classname="com.testNg.TestNg1"/>
  <testcase name="testCase4" time="0.017" classname="com.testNg.TestNg1"/>
  <testcase name="testCase1" classname="com.testNg.TestNg1">
    <skipped/>
  </testcase> <!-- testCase1 -->
</testsuite> <!-- com.testNg.TestNg1 -->
