<?xml version="1.0" encoding="UTF-8"?>
<!-- Generated by org.testng.reporters.JUnitReportReporter -->
<testsuite skipped="0" hostname="DESKTOP-A9DN365" name="com.testNGconcepts.TestngParalletTestCases" tests="2" failures="0" timestamp="16 Sep 2021 03:42:59 GMT" time="0.061" errors="0">
  <testcase name="testMethodsOne" time="0.029" classname="com.testNGconcepts.TestngParalletTestCases"/>
  <testcase name="testMethodsTwo" time="0.032" classname="com.testNGconcepts.TestngParalletTestCases"/>
</testsuite> <!-- com.testNGconcepts.TestngParalletTestCases -->
