<?xml version="1.0" encoding="UTF-8"?>
<!-- Generated by org.testng.reporters.JUnitReportReporter -->
<testsuite skipped="0" hostname="DESKTOP-A9DN365" name="com.testNg.TestNg5" tests="1" failures="0" timestamp="30 Aug 2021 04:16:20 GMT" time="4.137" errors="0">
  <testcase name="MouseOperationDragAndDrop" time="4.137" classname="com.testNg.TestNg5"/>
</testsuite> <!-- com.testNg.TestNg5 -->
