<?xml version="1.0" encoding="UTF-8"?>
<!-- Generated by org.testng.reporters.JUnitReportReporter -->
<testsuite skipped="0" hostname="DESKTOP-A9DN365" name="com.testNGconcepts.TestngGroups" tests="3" failures="0" timestamp="16 Sep 2021 03:58:39 GMT" time="0.043" errors="0">
  <testcase name="testMethodTwo" time="0.005" classname="com.testNGconcepts.TestngGroups"/>
  <testcase name="testMethodFive" time="0.034" classname="com.testNGconcepts.TestngGroups"/>
  <testcase name="testMethodThree" time="0.004" classname="com.testNGconcepts.TestngGroups"/>
</testsuite> <!-- com.testNGconcepts.TestngGroups -->
