<?xml version="1.0" encoding="UTF-8"?>
<!-- Generated by org.testng.reporters.JUnitReportReporter -->
<testsuite skipped="0" hostname="DESKTOP-A9DN365" name="com.testNg.TestNg5" tests="1" failures="0" timestamp="31 Aug 2021 04:08:55 GMT" time="12.969" errors="0">
  <testcase name="ValidateFileDownload" time="12.969" classname="com.testNg.TestNg5"/>
</testsuite> <!-- com.testNg.TestNg5 -->
