<?xml version="1.0" encoding="UTF-8"?>
<!-- Generated by org.testng.reporters.JUnitReportReporter -->
<testsuite skipped="0" hostname="DESKTOP-A9DN365" name="com.testNGconcepts.testNgDataProvider" tests="5" failures="0" timestamp="15 Sep 2021 03:50:11 GMT" time="0.135" errors="0">
  <testcase name="add" time="0.022" classname="com.testNGconcepts.testNgDataProvider"/>
  <testcase name="add" time="0.040" classname="com.testNGconcepts.testNgDataProvider"/>
  <testcase name="add" time="0.025" classname="com.testNGconcepts.testNgDataProvider"/>
  <testcase name="add" time="0.027" classname="com.testNGconcepts.testNgDataProvider"/>
  <testcase name="test2" time="0.021" classname="com.testNGconcepts.testNgDataProvider"/>
</testsuite> <!-- com.testNGconcepts.testNgDataProvider -->
