<?xml version="1.0" encoding="UTF-8"?>
<!-- Generated by org.testng.reporters.JUnitReportReporter -->
<testsuite skipped="0" hostname="DESKTOP-A9DN365" name="com.testNg.TestNg5" tests="1" failures="0" timestamp="27 Aug 2021 03:49:49 GMT" time="3.596" errors="0">
  <testcase name="HandlingWebTable" time="3.596" classname="com.testNg.TestNg5"/>
</testsuite> <!-- com.testNg.TestNg5 -->
