<?xml version="1.0" encoding="UTF-8"?>
<!-- Generated by org.testng.reporters.JUnitReportReporter -->
<testsuite skipped="0" hostname="DESKTOP-A9DN365" name="com.testNGconcepts.TestNgFactory" tests="6" failures="0" timestamp="15 Sep 2021 03:55:59 GMT" time="0.108" errors="0">
  <testcase name="testcase1" time="0.026" classname="com.testNGconcepts.TestNgFactory"/>
  <testcase name="testcase2" time="0.007" classname="com.testNGconcepts.TestNgFactory"/>
  <testcase name="testcase3" time="0.039" classname="com.testNGconcepts.TestNgFactory"/>
  <testcase name="testcase3" time="0.010" classname="com.testNGconcepts.TestNgFactory"/>
  <testcase name="testcase2" time="0.017" classname="com.testNGconcepts.TestNgFactory"/>
  <testcase name="testcase1" time="0.009" classname="com.testNGconcepts.TestNgFactory"/>
</testsuite> <!-- com.testNGconcepts.TestNgFactory -->
