<?xml version="1.0" encoding="UTF-8"?>
<!-- Generated by org.testng.reporters.JUnitReportReporter -->
<testsuite skipped="0" hostname="DESKTOP-A9DN365" name="com.testNGconcepts.TestNgLoadTesting" tests="16" failures="0" timestamp="15 Sep 2021 04:09:36 GMT" time="423.355" errors="0">
  <testcase name="test2" time="0.231" classname="com.testNGconcepts.TestNgLoadTesting"/>
  <testcase name="test2" time="0.282" classname="com.testNGconcepts.TestNgLoadTesting"/>
  <testcase name="testGoogleSearch" time="60.639" classname="com.testNGconcepts.TestNgLoadTesting"/>
  <testcase name="testGoogleSearch" time="31.541" classname="com.testNGconcepts.TestNgLoadTesting"/>
  <testcase name="testGoogleSearch" time="23.186" classname="com.testNGconcepts.TestNgLoadTesting"/>
  <testcase name="testGoogleSearch" time="19.053" classname="com.testNGconcepts.TestNgLoadTesting"/>
  <testcase name="testGoogleSearch" time="22.525" classname="com.testNGconcepts.TestNgLoadTesting"/>
  <testcase name="test1" time="0.123" classname="com.testNGconcepts.TestNgLoadTesting"/>
  <testcase name="testGoogleSearch" time="61.021" classname="com.testNGconcepts.TestNgLoadTesting"/>
  <testcase name="testGoogleSearch" time="60.697" classname="com.testNGconcepts.TestNgLoadTesting"/>
  <testcase name="test1" time="0.015" classname="com.testNGconcepts.TestNgLoadTesting"/>
  <testcase name="test2" time="0.245" classname="com.testNGconcepts.TestNgLoadTesting"/>
  <testcase name="testGoogleSearch" time="59.433" classname="com.testNGconcepts.TestNgLoadTesting"/>
  <testcase name="test1" time="0.008" classname="com.testNGconcepts.TestNgLoadTesting"/>
  <testcase name="testGoogleSearch" time="22.583" classname="com.testNGconcepts.TestNgLoadTesting"/>
  <testcase name="testGoogleSearch" time="61.773" classname="com.testNGconcepts.TestNgLoadTesting"/>
</testsuite> <!-- com.testNGconcepts.TestNgLoadTesting -->
