<?xml version="1.0" encoding="UTF-8"?>
<!-- Generated by org.testng.reporters.JUnitReportReporter -->
<testsuite skipped="0" hostname="DESKTOP-A9DN365" name="com.testNGconcepts.TestNgParallelTestsuite" tests="2" failures="0" timestamp="16 Sep 2021 03:46:25 GMT" time="0.022" errors="0">
  <testcase name="testMethodOne" time="0.009" classname="com.testNGconcepts.TestNgParallelTestsuite"/>
  <testcase name="testMethodOne" time="0.013" classname="com.testNGconcepts.TestNgParallelTestsuite"/>
</testsuite> <!-- com.testNGconcepts.TestNgParallelTestsuite -->
