<?xml version="1.0" encoding="UTF-8"?>
<!-- Generated by org.testng.reporters.JUnitReportReporter -->
<testsuite skipped="0" hostname="DESKTOP-A9DN365" name="com.testNg.TestNg5" tests="1" failures="0" timestamp="08 Sep 2021 04:01:42 GMT" time="10.899" errors="0">
  <testcase name="ValidateDataDriven" time="10.899" classname="com.testNg.TestNg5"/>
</testsuite> <!-- com.testNg.TestNg5 -->
