<?xml version="1.0" encoding="UTF-8"?>
<!-- Generated by org.testng.reporters.JUnitReportReporter -->
<testsuite skipped="0" hostname="DESKTOP-A9DN365" name="com.testNGconcepts.TestngParamters" tests="2" failures="0" timestamp="15 Sep 2021 03:38:58 GMT" time="3.493" errors="0">
  <testcase name="FillLoginForm" time="0.005" classname="com.testNGconcepts.TestngParamters"/>
  <testcase name="OpenBrowser" time="3.488" classname="com.testNGconcepts.TestngParamters"/>
</testsuite> <!-- com.testNGconcepts.TestngParamters -->
