<?xml version="1.0" encoding="UTF-8"?>
<!-- Generated by org.testng.reporters.JUnitReportReporter -->
<testsuite skipped="0" hostname="DESKTOP-A9DN365" name="com.testNg.TestNg5" tests="1" failures="0" timestamp="14 Sep 2021 03:41:18 GMT" time="5.831" errors="0">
  <testcase name="ValidateCalender" time="5.831" classname="com.testNg.TestNg5"/>
</testsuite> <!-- com.testNg.TestNg5 -->
